quiz/build/intermediates/manifest_merge_blame_file/debug/manifest-merger-blame-debug-report.txt
1<?xml version="1.0" encoding="utf-8"?>
2<manifest xmlns:android="http://schemas.android.com/apk/res/android"
3    xmlns:tools="http://schemas.android.com/tools"
4    package="com.vesam.quiz"
5    android:versionCode="1"
6    android:versionName="1.0" >
7
8    <uses-sdk
9        android:minSdkVersion="16"
9-->src\main\AndroidManifest.xml
10        android:targetSdkVersion="30" />
10-->src\main\AndroidManifest.xml
11
12    <uses-permission android:name="android.permission.INTERNET" />
12-->src\main\AndroidManifest.xml:6:5-67
12-->src\main\AndroidManifest.xml:6:22-64
13    <uses-permission android:name="android.permission.ACCESS_NETWORK_STATE" />
13-->src\main\AndroidManifest.xml:7:5-79
13-->src\main\AndroidManifest.xml:7:22-76
14    <uses-permission android:name="android.permission.READ_EXTERNAL_STORAGE" />
14-->src\main\AndroidManifest.xml:8:5-80
14-->src\main\AndroidManifest.xml:8:22-77
15    <uses-permission android:name="android.permission.WRITE_EXTERNAL_STORAGE" />
15-->src\main\AndroidManifest.xml:9:5-81
15-->src\main\AndroidManifest.xml:9:22-78
16    <uses-permission android:name="android.permission.VIBRATE" />
16-->src\main\AndroidManifest.xml:10:5-66
16-->src\main\AndroidManifest.xml:10:22-63
17
18    <application
18-->src\main\AndroidManifest.xml:12:5-17:30
19        android:networkSecurityConfig="@xml/network_security_config"
19-->src\main\AndroidManifest.xml:13:9-69
20        android:preserveLegacyExternalStorage="true"
20-->src\main\AndroidManifest.xml:14:9-53
21        android:requestLegacyExternalStorage="true"
21-->src\main\AndroidManifest.xml:15:9-52
22        android:usesCleartextTraffic="true"
22-->src\main\AndroidManifest.xml:16:9-44
23        tools:targetApi="n" />
23-->src\main\AndroidManifest.xml:17:9-28
24
25</manifest>